<?xml version="1.0" encoding="UTF-8"?>
<!-- Generated by org.testng.reporters.JUnitReportReporter -->
<testsuite hostname="DESKTOP-EHVS00V" failures="0" tests="1" name="testCases.TC001_AccountRegistrationTest" time="3.325" errors="0" timestamp="2024-09-27T11:02:57 EDT" skipped="0">
  <testcase classname="testCases.TC001_AccountRegistrationTest" name="verify_account_registration" time="3.325"/>
</testsuite> <!-- testCases.TC001_AccountRegistrationTest -->
