<?xml version="1.0" encoding="UTF-8"?>
<!-- Generated by org.testng.reporters.JUnitReportReporter -->
<testsuite hostname="DESKTOP-EHVS00V" failures="0" tests="1" name="testCases.TC002_LoginTest" time="2.058" errors="0" timestamp="2024-09-27T11:06:34 EDT" skipped="0">
  <testcase classname="testCases.TC002_LoginTest" name="verify_login" time="2.058"/>
</testsuite> <!-- testCases.TC002_LoginTest -->
