<?xml version="1.0" encoding="UTF-8"?>
<!-- Generated by org.testng.reporters.JUnitReportReporter -->
<testsuite hostname="DESKTOP-EHVS00V" failures="0" tests="6" name="testCases.TC003_LoginDDT" time="55.295" errors="0" timestamp="2024-09-27T11:00:38 EDT" skipped="0">
  <testcase classname="testCases.TC003_LoginDDT" name="verify_loginDDT" time="6.478"/>
  <testcase classname="testCases.TC003_LoginDDT" name="verify_loginDDT" time="5.913"/>
  <testcase classname="testCases.TC003_LoginDDT" name="verify_loginDDT" time="6.040"/>
  <testcase classname="testCases.TC003_LoginDDT" name="verify_loginDDT" time="6.466"/>
  <testcase classname="testCases.TC003_LoginDDT" name="verify_loginDDT" time="15.446"/>
  <testcase classname="testCases.TC003_LoginDDT" name="verify_loginDDT" time="14.952"/>
</testsuite> <!-- testCases.TC003_LoginDDT -->
