<?xml version="1.0" encoding="UTF-8"?>
<!-- Generated by org.testng.reporters.JUnitReportReporter -->
<testsuite hostname="DESKTOP-EHVS00V" failures="0" tests="1" name="testCases.TC001_AccountRegistrationTest" time="2.810" errors="0" timestamp="2024-09-27T12:10:41 EDT" skipped="0">
  <testcase classname="testCases.TC001_AccountRegistrationTest" name="verify_account_registration" time="2.810"/>
</testsuite> <!-- testCases.TC001_AccountRegistrationTest -->
