<?xml version="1.0" encoding="UTF-8"?>
<!-- Generated by org.testng.reporters.JUnitReportReporter -->
<testsuite hostname="DESKTOP-EHVS00V" failures="0" tests="6" name="testCases.TC003_LoginDDT" time="54.636" errors="0" timestamp="2024-09-27T12:10:41 EDT" skipped="0">
  <testcase classname="testCases.TC003_LoginDDT" name="verify_loginDDT" time="15.074"/>
  <testcase classname="testCases.TC003_LoginDDT" name="verify_loginDDT" time="6.373"/>
  <testcase classname="testCases.TC003_LoginDDT" name="verify_loginDDT" time="5.836"/>
  <testcase classname="testCases.TC003_LoginDDT" name="verify_loginDDT" time="14.935"/>
  <testcase classname="testCases.TC003_LoginDDT" name="verify_loginDDT" time="6.236"/>
  <testcase classname="testCases.TC003_LoginDDT" name="verify_loginDDT" time="6.182"/>
</testsuite> <!-- testCases.TC003_LoginDDT -->
